<?xml version="1.0" encoding="UTF-8"?>
<!-- Generated by org.testng.reporters.JUnitReportReporter -->
<testsuite skipped="0" hostname="TYSS-TR-0023" name="generic.Test123" tests="1" failures="0" timestamp="18 Jan 2019 07:20:26 GMT" time="0.008" errors="0">
  <testcase name="Demo" time="0.008" classname="generic.Test123"/>
</testsuite> <!-- generic.Test123 -->
